[  0%] Built target xarm_msgs_generate_messages_cpp
[35m[1mConsolidate compiler generated dependencies of target servo_cartesian_test[0m
[35m[1mConsolidate compiler generated dependencies of target xarm_driver_node[0m
[35m[1mConsolidate compiler generated dependencies of target xarm_ros_client[0m
[35m[1mConsolidate compiler generated dependencies of target example1_report_norm[0m
[35m[1mConsolidate compiler generated dependencies of target move_test[0m
[ 10%] Built target xarm_ros_client
[ 15%] [32mBuilding CXX object CMakeFiles/xarm_driver_node.dir/src/xarm_driver.cpp.o[0m
[ 26%] Built target example1_report_norm
[ 36%] Built target servo_cartesian_test
[35m[1mConsolidate compiler generated dependencies of target test_xarm_velo_move[0m
[35m[1mConsolidate compiler generated dependencies of target test_xarm_states[0m
[35m[1mConsolidate compiler generated dependencies of target test_tool_modbus[0m
[35m[1mConsolidate compiler generated dependencies of target test_xarm_ros_client[0m
[ 47%] Built target move_test
[ 57%] Built target test_xarm_states
[ 68%] Built target test_xarm_velo_move
[ 78%] Built target test_tool_modbus
[ 89%] Built target test_xarm_ros_client
[ 94%] [32m[1mLinking CXX executable /home/stepjam/catkin_ws/devel/lib/xarm_api/xarm_driver_node[0m
[100%] Built target xarm_driver_node
