[  0%] Built target std_msgs_generate_messages_eus
[  0%] Built target _diagnostic_msgs_generate_messages_check_deps_SelfTest
[  0%] Built target _diagnostic_msgs_generate_messages_check_deps_DiagnosticArray
[  0%] Built target _diagnostic_msgs_generate_messages_check_deps_DiagnosticStatus
[  0%] Built target std_msgs_generate_messages_py
[  0%] Built target std_msgs_generate_messages_nodejs
[  0%] Built target _diagnostic_msgs_generate_messages_check_deps_KeyValue
[  0%] Built target std_msgs_generate_messages_lisp
[  0%] Built target _diagnostic_msgs_generate_messages_check_deps_AddDiagnostics
[  0%] Built target std_msgs_generate_messages_cpp
[ 21%] Built target diagnostic_msgs_generate_messages_eus
[ 46%] Built target diagnostic_msgs_generate_messages_py
[ 71%] Built target diagnostic_msgs_generate_messages_lisp
[ 82%] Built target diagnostic_msgs_generate_messages_nodejs
[ 85%] [34m[1mGenerating C++ code from diagnostic_msgs/DiagnosticArray.msg[0m
[ 89%] [34m[1mGenerating C++ code from diagnostic_msgs/DiagnosticStatus.msg[0m
[ 92%] [34m[1mGenerating C++ code from diagnostic_msgs/KeyValue.msg[0m
[ 96%] [34m[1mGenerating C++ code from diagnostic_msgs/AddDiagnostics.srv[0m
[100%] [34m[1mGenerating C++ code from diagnostic_msgs/SelfTest.srv[0m
[100%] Built target diagnostic_msgs_generate_messages_cpp
[100%] Built target diagnostic_msgs_generate_messages
