[  0%] Built target _diagnostic_msgs_generate_messages_check_deps_SelfTest
[  0%] Built target std_msgs_generate_messages_eus
[  0%] Built target _diagnostic_msgs_generate_messages_check_deps_DiagnosticArray
[  0%] Built target _diagnostic_msgs_generate_messages_check_deps_DiagnosticStatus
[  0%] Built target _diagnostic_msgs_generate_messages_check_deps_KeyValue
[  0%] Built target _diagnostic_msgs_generate_messages_check_deps_AddDiagnostics
[  0%] Built target std_msgs_generate_messages_py
[  0%] Built target std_msgs_generate_messages_nodejs
[  0%] Built target std_msgs_generate_messages_lisp
[  0%] Built target std_msgs_generate_messages_cpp
[  3%] [34m[1mGenerating EusLisp code from diagnostic_msgs/DiagnosticArray.msg[0m
[  7%] [34m[1mGenerating EusLisp code from diagnostic_msgs/DiagnosticStatus.msg[0m
[ 10%] [34m[1mGenerating Python from MSG diagnostic_msgs/DiagnosticArray[0m
[ 14%] [34m[1mGenerating Javascript code from diagnostic_msgs/DiagnosticArray.msg[0m
[ 17%] [34m[1mGenerating Python from MSG diagnostic_msgs/DiagnosticStatus[0m
[ 21%] [34m[1mGenerating EusLisp code from diagnostic_msgs/KeyValue.msg[0m
[ 25%] [34m[1mGenerating Javascript code from diagnostic_msgs/DiagnosticStatus.msg[0m
[ 28%] [34m[1mGenerating Python from MSG diagnostic_msgs/KeyValue[0m
[ 32%] [34m[1mGenerating Javascript code from diagnostic_msgs/KeyValue.msg[0m
[ 35%] [34m[1mGenerating Python code from SRV diagnostic_msgs/AddDiagnostics[0m
[ 39%] [34m[1mGenerating Javascript code from diagnostic_msgs/AddDiagnostics.srv[0m
[ 42%] [34m[1mGenerating EusLisp code from diagnostic_msgs/AddDiagnostics.srv[0m
[ 46%] [34m[1mGenerating Javascript code from diagnostic_msgs/SelfTest.srv[0m
[ 50%] [34m[1mGenerating Python code from SRV diagnostic_msgs/SelfTest[0m
[ 50%] Built target diagnostic_msgs_generate_messages_nodejs
[ 53%] [34m[1mGenerating Python msg __init__.py for diagnostic_msgs[0m
[ 57%] [34m[1mGenerating EusLisp code from diagnostic_msgs/SelfTest.srv[0m
[ 60%] [34m[1mGenerating Python srv __init__.py for diagnostic_msgs[0m
[ 60%] Built target diagnostic_msgs_generate_messages_py
[ 64%] [34m[1mGenerating Lisp code from diagnostic_msgs/DiagnosticArray.msg[0m
[ 67%] [34m[1mGenerating EusLisp manifest code for diagnostic_msgs[0m
[ 71%] [34m[1mGenerating Lisp code from diagnostic_msgs/DiagnosticStatus.msg[0m
[ 75%] [34m[1mGenerating Lisp code from diagnostic_msgs/KeyValue.msg[0m
[ 78%] [34m[1mGenerating C++ code from diagnostic_msgs/DiagnosticArray.msg[0m
[ 82%] [34m[1mGenerating Lisp code from diagnostic_msgs/AddDiagnostics.srv[0m
[ 85%] [34m[1mGenerating C++ code from diagnostic_msgs/DiagnosticStatus.msg[0m
Traceback (most recent call last):
  File "/opt/ros/kinetic/share/gencpp/cmake/../../../lib/gencpp/gen_cpp.py", line 41, in <module>
    import genmsg.template_tools
  File "/opt/ros/kinetic/lib/python2.7/dist-packages/genmsg/template_tools.py", line 39, in <module>
    import em
ModuleNotFoundError: No module named 'em'
CMakeFiles/diagnostic_msgs_generate_messages_cpp.dir/build.make:88: recipe for target '/home/stepjam/catkin_ws/devel/include/diagnostic_msgs/DiagnosticArray.h' failed
make[2]: *** [/home/stepjam/catkin_ws/devel/include/diagnostic_msgs/DiagnosticArray.h] Error 1
make[2]: *** Waiting for unfinished jobs....
Traceback (most recent call last):
  File "/opt/ros/kinetic/share/gencpp/cmake/../../../lib/gencpp/gen_cpp.py", line 41, in <module>
    import genmsg.template_tools
  File "/opt/ros/kinetic/lib/python2.7/dist-packages/genmsg/template_tools.py", line 39, in <module>
    import em
ModuleNotFoundError: No module named 'em'
CMakeFiles/diagnostic_msgs_generate_messages_cpp.dir/build.make:95: recipe for target '/home/stepjam/catkin_ws/devel/include/diagnostic_msgs/DiagnosticStatus.h' failed
make[2]: *** [/home/stepjam/catkin_ws/devel/include/diagnostic_msgs/DiagnosticStatus.h] Error 1
CMakeFiles/Makefile2:739: recipe for target 'CMakeFiles/diagnostic_msgs_generate_messages_cpp.dir/all' failed
make[1]: *** [CMakeFiles/diagnostic_msgs_generate_messages_cpp.dir/all] Error 2
make[1]: *** Waiting for unfinished jobs....
[ 89%] [34m[1mGenerating Lisp code from diagnostic_msgs/SelfTest.srv[0m
[ 89%] Built target diagnostic_msgs_generate_messages_lisp
[ 89%] Built target diagnostic_msgs_generate_messages_eus
Makefile:145: recipe for target 'all' failed
make: *** [all] Error 2
