[  0%] Built target _xarm_msgs_generate_messages_check_deps_GetInt32
[  0%] Built target _xarm_msgs_generate_messages_check_deps_GripperState
[  0%] Built target _xarm_msgs_generate_messages_check_deps_SetAxis
[  0%] Built target _xarm_msgs_generate_messages_check_deps_TCPOffset
[  0%] Built target _xarm_msgs_generate_messages_check_deps_CIOState
[  0%] Built target _xarm_msgs_generate_messages_check_deps_SetInt16
[  0%] Built target _xarm_msgs_generate_messages_check_deps_ClearErr
[  0%] Built target _xarm_msgs_generate_messages_check_deps_IOState
[  0%] Built target std_msgs_generate_messages_lisp
[  0%] Built target _xarm_msgs_generate_messages_check_deps_GripperConfig
[  0%] Built target _xarm_msgs_generate_messages_check_deps_GetDigitalIO
[  0%] Built target _xarm_msgs_generate_messages_check_deps_GetAnalogIO
[  0%] Built target _xarm_msgs_generate_messages_check_deps_Move
[  0%] Built target _xarm_msgs_generate_messages_check_deps_SetDigitalIO
[  0%] Built target _xarm_msgs_generate_messages_check_deps_GripperMove
[  0%] Built target _xarm_msgs_generate_messages_check_deps_SetLoad
[  0%] Built target _xarm_msgs_generate_messages_check_deps_GetControllerDigitalIO
[  0%] Built target _xarm_msgs_generate_messages_check_deps_ConfigToolModbus
[  0%] Built target _xarm_msgs_generate_messages_check_deps_SetControllerAnalogIO
[  0%] Built target _xarm_msgs_generate_messages_check_deps_MoveAxisAngle
[  0%] Built target _xarm_msgs_generate_messages_check_deps_RobotMsg
[  0%] Built target _xarm_msgs_generate_messages_check_deps_SetFloat32
[  0%] Built target _xarm_msgs_generate_messages_check_deps_MoveVelo
[  0%] Built target _xarm_msgs_generate_messages_check_deps_SetMultipleInts
[  0%] Built target _xarm_msgs_generate_messages_check_deps_GetErr
[  0%] Built target _xarm_msgs_generate_messages_check_deps_SetString
[  0%] Built target _xarm_msgs_generate_messages_check_deps_MoveVelocity
[  0%] Built target _xarm_msgs_generate_messages_check_deps_SetToolModbus
[  0%] Built target _xarm_msgs_generate_messages_check_deps_PlayTraj
[  0%] Built target _xarm_msgs_generate_messages_check_deps_GetFloat32List
[  0%] Built target std_msgs_generate_messages_nodejs
[  0%] Built target std_msgs_generate_messages_py
[  0%] Built target std_msgs_generate_messages_eus
[  0%] Built target std_msgs_generate_messages_cpp
[ 19%] Built target xarm_msgs_generate_messages_lisp
[ 38%] Built target xarm_msgs_generate_messages_nodejs
[ 59%] Built target xarm_msgs_generate_messages_py
[ 59%] [34m[1mGenerating C++ code from xarm_msgs/RobotMsg.msg[0m
[ 79%] Built target xarm_msgs_generate_messages_eus
[ 80%] [34m[1mGenerating C++ code from xarm_msgs/IOState.msg[0m
[ 81%] [34m[1mGenerating C++ code from xarm_msgs/CIOState.msg[0m
[ 81%] [34m[1mGenerating C++ code from xarm_msgs/Move.srv[0m
[ 82%] [34m[1mGenerating C++ code from xarm_msgs/SetAxis.srv[0m
[ 84%] [34m[1mGenerating C++ code from xarm_msgs/TCPOffset.srv[0m
[ 85%] [34m[1mGenerating C++ code from xarm_msgs/SetInt16.srv[0m
[ 85%] [34m[1mGenerating C++ code from xarm_msgs/SetDigitalIO.srv[0m
[ 85%] [34m[1mGenerating C++ code from xarm_msgs/GetDigitalIO.srv[0m
[ 86%] [34m[1mGenerating C++ code from xarm_msgs/GetAnalogIO.srv[0m
[ 87%] [34m[1mGenerating C++ code from xarm_msgs/GetErr.srv[0m
[ 88%] [34m[1mGenerating C++ code from xarm_msgs/ClearErr.srv[0m
[ 89%] [34m[1mGenerating C++ code from xarm_msgs/GripperConfig.srv[0m
[ 89%] [34m[1mGenerating C++ code from xarm_msgs/GripperMove.srv[0m
[ 90%] [34m[1mGenerating C++ code from xarm_msgs/GripperState.srv[0m
[ 90%] [34m[1mGenerating C++ code from xarm_msgs/SetLoad.srv[0m
[ 90%] [34m[1mGenerating C++ code from xarm_msgs/ConfigToolModbus.srv[0m
[ 91%] [34m[1mGenerating C++ code from xarm_msgs/SetControllerAnalogIO.srv[0m
[ 92%] [34m[1mGenerating C++ code from xarm_msgs/GetControllerDigitalIO.srv[0m
[ 93%] [34m[1mGenerating C++ code from xarm_msgs/SetToolModbus.srv[0m
[ 94%] [34m[1mGenerating C++ code from xarm_msgs/MoveAxisAngle.srv[0m
[ 94%] [34m[1mGenerating C++ code from xarm_msgs/MoveVelo.srv[0m
[ 95%] [34m[1mGenerating C++ code from xarm_msgs/MoveVelocity.srv[0m
[ 96%] [34m[1mGenerating C++ code from xarm_msgs/SetFloat32.srv[0m
[ 97%] [34m[1mGenerating C++ code from xarm_msgs/SetMultipleInts.srv[0m
[ 97%] [34m[1mGenerating C++ code from xarm_msgs/SetString.srv[0m
[ 98%] [34m[1mGenerating C++ code from xarm_msgs/PlayTraj.srv[0m
[100%] [34m[1mGenerating C++ code from xarm_msgs/GetInt32.srv[0m
[100%] [34m[1mGenerating C++ code from xarm_msgs/GetFloat32List.srv[0m
[100%] Built target xarm_msgs_generate_messages_cpp
[100%] Built target xarm_msgs_generate_messages
