[  0%] Built target _geometry_msgs_generate_messages_check_deps_WrenchStamped
[  0%] Built target _geometry_msgs_generate_messages_check_deps_Pose2D
[  0%] Built target _geometry_msgs_generate_messages_check_deps_Point32
[  0%] Built target _geometry_msgs_generate_messages_check_deps_AccelWithCovariance
[  0%] Built target _geometry_msgs_generate_messages_check_deps_Inertia
[  0%] Built target _geometry_msgs_generate_messages_check_deps_AccelWithCovarianceStamped
[  0%] Built target _geometry_msgs_generate_messages_check_deps_PoseStamped
[  0%] Built target _geometry_msgs_generate_messages_check_deps_InertiaStamped
[  0%] Built target _geometry_msgs_generate_messages_check_deps_PolygonStamped
[  0%] Built target _geometry_msgs_generate_messages_check_deps_Transform
[  0%] Built target _geometry_msgs_generate_messages_check_deps_Vector3
[  0%] Built target _geometry_msgs_generate_messages_check_deps_PointStamped
[  0%] Built target _geometry_msgs_generate_messages_check_deps_Vector3Stamped
[  0%] Built target _geometry_msgs_generate_messages_check_deps_PoseArray
[  0%] Built target std_msgs_generate_messages_cpp
[  0%] Built target _geometry_msgs_generate_messages_check_deps_Point
[  0%] Built target _geometry_msgs_generate_messages_check_deps_TwistWithCovarianceStamped
[  0%] Built target _geometry_msgs_generate_messages_check_deps_TransformStamped
[  0%] Built target _geometry_msgs_generate_messages_check_deps_Pose
[  0%] Built target _geometry_msgs_generate_messages_check_deps_AccelStamped
[  0%] Built target _geometry_msgs_generate_messages_check_deps_QuaternionStamped
[  0%] Built target _geometry_msgs_generate_messages_check_deps_PoseWithCovariance
[  0%] Built target _geometry_msgs_generate_messages_check_deps_PoseWithCovarianceStamped
[  0%] Built target _geometry_msgs_generate_messages_check_deps_Quaternion
[  0%] Built target _geometry_msgs_generate_messages_check_deps_Twist
[  0%] Built target _geometry_msgs_generate_messages_check_deps_TwistStamped
[  0%] Built target _geometry_msgs_generate_messages_check_deps_TwistWithCovariance
[  0%] Built target _geometry_msgs_generate_messages_check_deps_Polygon
[  0%] Built target std_msgs_generate_messages_nodejs
[  0%] Built target std_msgs_generate_messages_eus
[  0%] Built target _geometry_msgs_generate_messages_check_deps_Wrench
[  0%] Built target std_msgs_generate_messages_py
[  0%] Built target std_msgs_generate_messages_lisp
[  0%] Built target _geometry_msgs_generate_messages_check_deps_Accel
[  0%] [34m[1mGenerating C++ code from geometry_msgs/Accel.msg[0m
[  1%] [34m[1mGenerating C++ code from geometry_msgs/AccelStamped.msg[0m
[  1%] [34m[1mGenerating C++ code from geometry_msgs/AccelWithCovariance.msg[0m
Traceback (most recent call last):
  File "/opt/ros/kinetic/share/gencpp/cmake/../../../lib/gencpp/gen_cpp.py", line 41, in <module>
    import genmsg.template_tools
  File "/opt/ros/kinetic/lib/python2.7/dist-packages/genmsg/template_tools.py", line 39, in <module>
    import em
ModuleNotFoundError: No module named 'em'
CMakeFiles/geometry_msgs_generate_messages_cpp.dir/build.make:103: recipe for target '/home/stepjam/catkin_ws/devel/include/geometry_msgs/Accel.h' failed
make[2]: *** [/home/stepjam/catkin_ws/devel/include/geometry_msgs/Accel.h] Error 1
make[2]: *** Waiting for unfinished jobs....
Traceback (most recent call last):
  File "/opt/ros/kinetic/share/gencpp/cmake/../../../lib/gencpp/gen_cpp.py", line 41, in <module>
    import genmsg.template_tools
  File "/opt/ros/kinetic/lib/python2.7/dist-packages/genmsg/template_tools.py", line 39, in <module>
    import em
ModuleNotFoundError: No module named 'em'
CMakeFiles/geometry_msgs_generate_messages_cpp.dir/build.make:120: recipe for target '/home/stepjam/catkin_ws/devel/include/geometry_msgs/AccelWithCovariance.h' failed
make[2]: *** [/home/stepjam/catkin_ws/devel/include/geometry_msgs/AccelWithCovariance.h] Error 1
Traceback (most recent call last):
  File "/opt/ros/kinetic/share/gencpp/cmake/../../../lib/gencpp/gen_cpp.py", line 41, in <module>
    import genmsg.template_tools
  File "/opt/ros/kinetic/lib/python2.7/dist-packages/genmsg/template_tools.py", line 39, in <module>
    import em
ModuleNotFoundError: No module named 'em'
CMakeFiles/geometry_msgs_generate_messages_cpp.dir/build.make:112: recipe for target '/home/stepjam/catkin_ws/devel/include/geometry_msgs/AccelStamped.h' failed
CMakeFiles/Makefile2:1590: recipe for target 'CMakeFiles/geometry_msgs_generate_messages_cpp.dir/all' failed
make[2]: *** [/home/stepjam/catkin_ws/devel/include/geometry_msgs/AccelStamped.h] Error 1
make[1]: *** [CMakeFiles/geometry_msgs_generate_messages_cpp.dir/all] Error 2
make[1]: *** Waiting for unfinished jobs....
[  2%] [34m[1mGenerating Javascript code from geometry_msgs/Accel.msg[0m
[  3%] [34m[1mGenerating EusLisp code from geometry_msgs/Accel.msg[0m
[  3%] [34m[1mGenerating Javascript code from geometry_msgs/AccelStamped.msg[0m
[  4%] [34m[1mGenerating EusLisp code from geometry_msgs/AccelStamped.msg[0m
[  5%] [34m[1mGenerating Javascript code from geometry_msgs/AccelWithCovariance.msg[0m
[  6%] [34m[1mGenerating Javascript code from geometry_msgs/AccelWithCovarianceStamped.msg[0m
[  6%] [34m[1mGenerating Javascript code from geometry_msgs/Inertia.msg[0m
[  6%] [34m[1mGenerating EusLisp code from geometry_msgs/AccelWithCovariance.msg[0m
[  7%] [34m[1mGenerating Javascript code from geometry_msgs/InertiaStamped.msg[0m
[  8%] [34m[1mGenerating EusLisp code from geometry_msgs/AccelWithCovarianceStamped.msg[0m
[  9%] [34m[1mGenerating Javascript code from geometry_msgs/Point.msg[0m
[  9%] [34m[1mGenerating Javascript code from geometry_msgs/Point32.msg[0m
[ 10%] [34m[1mGenerating Javascript code from geometry_msgs/PointStamped.msg[0m
[ 12%] [34m[1mGenerating Javascript code from geometry_msgs/Polygon.msg[0m
[ 12%] [34m[1mGenerating EusLisp code from geometry_msgs/Inertia.msg[0m
[ 12%] [34m[1mGenerating Javascript code from geometry_msgs/PolygonStamped.msg[0m
[ 12%] [34m[1mGenerating Javascript code from geometry_msgs/Pose2D.msg[0m
[ 13%] [34m[1mGenerating Javascript code from geometry_msgs/Pose.msg[0m
[ 13%] [34m[1mGenerating EusLisp code from geometry_msgs/InertiaStamped.msg[0m
[ 15%] [34m[1mGenerating Javascript code from geometry_msgs/PoseArray.msg[0m
[ 16%] [34m[1mGenerating Javascript code from geometry_msgs/PoseStamped.msg[0m
[ 16%] [34m[1mGenerating Javascript code from geometry_msgs/PoseWithCovariance.msg[0m
[ 17%] [34m[1mGenerating Javascript code from geometry_msgs/PoseWithCovarianceStamped.msg[0m
[ 18%] [34m[1mGenerating EusLisp code from geometry_msgs/Point.msg[0m
[ 19%] [34m[1mGenerating Javascript code from geometry_msgs/Quaternion.msg[0m
[ 19%] [34m[1mGenerating Javascript code from geometry_msgs/QuaternionStamped.msg[0m
[ 20%] [34m[1mGenerating Javascript code from geometry_msgs/Transform.msg[0m
[ 20%] [34m[1mGenerating Javascript code from geometry_msgs/TransformStamped.msg[0m
[ 21%] [34m[1mGenerating EusLisp code from geometry_msgs/Point32.msg[0m
[ 22%] [34m[1mGenerating Javascript code from geometry_msgs/Twist.msg[0m
[ 23%] [34m[1mGenerating Javascript code from geometry_msgs/TwistStamped.msg[0m
[ 23%] [34m[1mGenerating Javascript code from geometry_msgs/TwistWithCovariance.msg[0m
[ 23%] [34m[1mGenerating EusLisp code from geometry_msgs/PointStamped.msg[0m
[ 24%] [34m[1mGenerating Javascript code from geometry_msgs/TwistWithCovarianceStamped.msg[0m
[ 25%] [34m[1mGenerating Javascript code from geometry_msgs/Vector3.msg[0m
[ 25%] [34m[1mGenerating Javascript code from geometry_msgs/Vector3Stamped.msg[0m
[ 26%] [34m[1mGenerating Javascript code from geometry_msgs/Wrench.msg[0m
[ 26%] [34m[1mGenerating EusLisp code from geometry_msgs/PolygonStamped.msg[0m
[ 27%] [34m[1mGenerating EusLisp code from geometry_msgs/Polygon.msg[0m
[ 29%] [34m[1mGenerating EusLisp code from geometry_msgs/Pose.msg[0m
[ 30%] [34m[1mGenerating EusLisp code from geometry_msgs/Pose2D.msg[0m
[ 31%] [34m[1mGenerating Javascript code from geometry_msgs/WrenchStamped.msg[0m
[ 31%] Built target geometry_msgs_generate_messages_nodejs
[ 31%] [34m[1mGenerating EusLisp code from geometry_msgs/PoseArray.msg[0m
[ 32%] [34m[1mGenerating EusLisp code from geometry_msgs/PoseStamped.msg[0m
[ 33%] [34m[1mGenerating EusLisp code from geometry_msgs/PoseWithCovariance.msg[0m
[ 33%] [34m[1mGenerating EusLisp code from geometry_msgs/PoseWithCovarianceStamped.msg[0m
[ 34%] [34m[1mGenerating EusLisp code from geometry_msgs/Quaternion.msg[0m
[ 35%] [34m[1mGenerating EusLisp code from geometry_msgs/QuaternionStamped.msg[0m
[ 35%] [34m[1mGenerating EusLisp code from geometry_msgs/Transform.msg[0m
[ 36%] [34m[1mGenerating EusLisp code from geometry_msgs/TransformStamped.msg[0m
[ 36%] [34m[1mGenerating EusLisp code from geometry_msgs/Twist.msg[0m
[ 37%] [34m[1mGenerating EusLisp code from geometry_msgs/TwistStamped.msg[0m
[ 38%] [34m[1mGenerating EusLisp code from geometry_msgs/TwistWithCovariance.msg[0m
[ 38%] [34m[1mGenerating EusLisp code from geometry_msgs/TwistWithCovarianceStamped.msg[0m
[ 39%] [34m[1mGenerating EusLisp code from geometry_msgs/Vector3.msg[0m
[ 40%] [34m[1mGenerating EusLisp code from geometry_msgs/Vector3Stamped.msg[0m
[ 40%] [34m[1mGenerating EusLisp code from geometry_msgs/Wrench.msg[0m
[ 41%] [34m[1mGenerating EusLisp code from geometry_msgs/WrenchStamped.msg[0m
[ 41%] [34m[1mGenerating EusLisp manifest code for geometry_msgs[0m
[ 41%] Built target geometry_msgs_generate_messages_eus
Makefile:145: recipe for target 'all' failed
make: *** [all] Error 2
