Performing C SOURCE FILE Test CMAKE_HAVE_LIBC_PTHREAD failed with the following output:
Change Dir: /home/stepjam/catkin_ws/build/shape_msgs/CMakeFiles/CMakeTmp

Run Build Command(s):/usr/bin/make -f Makefile cmTC_36e57/fast && /usr/bin/make  -f CMakeFiles/cmTC_36e57.dir/build.make CMakeFiles/cmTC_36e57.dir/build
make[1]: Entering directory '/home/stepjam/catkin_ws/build/shape_msgs/CMakeFiles/CMakeTmp'
Building C object CMakeFiles/cmTC_36e57.dir/src.c.o
/usr/bin/cc -DCMAKE_HAVE_LIBC_PTHREAD   -o CMakeFiles/cmTC_36e57.dir/src.c.o -c /home/stepjam/catkin_ws/build/shape_msgs/CMakeFiles/CMakeTmp/src.c
Linking C executable cmTC_36e57
/usr/bin/cmake -E cmake_link_script CMakeFiles/cmTC_36e57.dir/link.txt --verbose=1
/usr/bin/cc -rdynamic CMakeFiles/cmTC_36e57.dir/src.c.o -o cmTC_36e57 
CMakeFiles/cmTC_36e57.dir/src.c.o: In function `main':
src.c:(.text+0x3c): undefined reference to `pthread_create'
src.c:(.text+0x48): undefined reference to `pthread_detach'
src.c:(.text+0x54): undefined reference to `pthread_cancel'
src.c:(.text+0x65): undefined reference to `pthread_join'
src.c:(.text+0x79): undefined reference to `pthread_atfork'
collect2: error: ld returned 1 exit status
CMakeFiles/cmTC_36e57.dir/build.make:98: recipe for target 'cmTC_36e57' failed
make[1]: *** [cmTC_36e57] Error 1
make[1]: Leaving directory '/home/stepjam/catkin_ws/build/shape_msgs/CMakeFiles/CMakeTmp'
Makefile:127: recipe for target 'cmTC_36e57/fast' failed
make: *** [cmTC_36e57/fast] Error 2


Source file was:
#include <pthread.h>

static void* test_func(void* data)
{
  return data;
}

int main(void)
{
  pthread_t thread;
  pthread_create(&thread, NULL, test_func, NULL);
  pthread_detach(thread);
  pthread_cancel(thread);
  pthread_join(thread, NULL);
  pthread_atfork(NULL, NULL, NULL);
  pthread_exit(NULL);

  return 0;
}

Determining if the function pthread_create exists in the pthreads failed with the following output:
Change Dir: /home/stepjam/catkin_ws/build/shape_msgs/CMakeFiles/CMakeTmp

Run Build Command(s):/usr/bin/make -f Makefile cmTC_e3318/fast && /usr/bin/make  -f CMakeFiles/cmTC_e3318.dir/build.make CMakeFiles/cmTC_e3318.dir/build
make[1]: Entering directory '/home/stepjam/catkin_ws/build/shape_msgs/CMakeFiles/CMakeTmp'
Building C object CMakeFiles/cmTC_e3318.dir/CheckFunctionExists.c.o
/usr/bin/cc   -DCHECK_FUNCTION_EXISTS=pthread_create -o CMakeFiles/cmTC_e3318.dir/CheckFunctionExists.c.o -c /usr/share/cmake-3.20/Modules/CheckFunctionExists.c
Linking C executable cmTC_e3318
/usr/bin/cmake -E cmake_link_script CMakeFiles/cmTC_e3318.dir/link.txt --verbose=1
/usr/bin/cc  -DCHECK_FUNCTION_EXISTS=pthread_create -rdynamic CMakeFiles/cmTC_e3318.dir/CheckFunctionExists.c.o -o cmTC_e3318  -lpthreads 
/usr/bin/ld: cannot find -lpthreads
collect2: error: ld returned 1 exit status
CMakeFiles/cmTC_e3318.dir/build.make:98: recipe for target 'cmTC_e3318' failed
make[1]: *** [cmTC_e3318] Error 1
make[1]: Leaving directory '/home/stepjam/catkin_ws/build/shape_msgs/CMakeFiles/CMakeTmp'
Makefile:127: recipe for target 'cmTC_e3318/fast' failed
make: *** [cmTC_e3318/fast] Error 2



