[  0%] Built target std_msgs_generate_messages_cpp
[  0%] Built target actionlib_msgs_generate_messages_cpp
[  0%] Built target actionlib_msgs_generate_messages_py
[  0%] Built target _xarm_gripper_generate_messages_check_deps_MoveResult
[  0%] Built target std_msgs_generate_messages_py
[  0%] Built target _xarm_gripper_generate_messages_check_deps_MoveActionGoal
[  0%] Built target std_msgs_generate_messages_nodejs
[  0%] Built target _xarm_gripper_generate_messages_check_deps_MoveActionResult
[  0%] Built target _xarm_gripper_generate_messages_check_deps_MoveGoal
[  0%] Built target actionlib_msgs_generate_messages_nodejs
[  0%] Built target _xarm_gripper_generate_messages_check_deps_MoveAction
[  0%] Built target std_msgs_generate_messages_lisp
[  0%] Built target actionlib_msgs_generate_messages_lisp
[  0%] Built target _xarm_gripper_generate_messages_check_deps_MoveActionFeedback
[  0%] Built target actionlib_msgs_generate_messages_eus
[  0%] Built target xarm_msgs_generate_messages_cpp
[  0%] Built target _xarm_gripper_generate_messages_check_deps_MoveFeedback
[  0%] Built target xarm_msgs_generate_messages_lisp
[  0%] Built target std_msgs_generate_messages_eus
[  0%] Built target roscpp_generate_messages_py
[  0%] Built target actionlib_generate_messages_eus
[  0%] Built target roscpp_generate_messages_lisp
[  0%] Built target xarm_msgs_generate_messages_nodejs
[  0%] Built target rosgraph_msgs_generate_messages_py
[  0%] Built target rosgraph_msgs_generate_messages_lisp
[  0%] Built target actionlib_generate_messages_cpp
[  0%] Built target roscpp_generate_messages_nodejs
[  0%] Built target rosgraph_msgs_generate_messages_nodejs
[  0%] Built target trajectory_msgs_generate_messages_py
[  0%] Built target rosgraph_msgs_generate_messages_cpp
[  0%] Built target geometry_msgs_generate_messages_lisp
[  0%] Built target roscpp_generate_messages_eus
[  0%] Built target xarm_msgs_generate_messages_py
[  0%] Built target geometry_msgs_generate_messages_eus
[  0%] Built target roscpp_generate_messages_cpp
[  0%] Built target xarm_msgs_generate_messages_eus
[  0%] Built target trajectory_msgs_generate_messages_eus
[  0%] Built target control_msgs_generate_messages_eus
[  0%] Built target geometry_msgs_generate_messages_nodejs
[  0%] Built target actionlib_generate_messages_lisp
[  0%] Built target rosgraph_msgs_generate_messages_eus
[  0%] Built target control_msgs_generate_messages_cpp
[  0%] Built target actionlib_generate_messages_py
[  0%] Built target actionlib_generate_messages_nodejs
[  0%] Built target control_msgs_generate_messages_nodejs
[  0%] Built target control_msgs_generate_messages_py
[  0%] Built target geometry_msgs_generate_messages_cpp
[  0%] Built target trajectory_msgs_generate_messages_cpp
[  0%] Built target control_msgs_generate_messages_lisp
[  0%] Built target geometry_msgs_generate_messages_py
[  2%] [34m[1mGenerating C++ code from xarm_gripper/MoveAction.msg[0m
[  4%] [34m[1mGenerating Python from MSG xarm_gripper/MoveActionGoal[0m
[  7%] [34m[1mGenerating Python from MSG xarm_gripper/MoveAction[0m
[  7%] Built target trajectory_msgs_generate_messages_lisp
[  9%] [34m[1mGenerating Python from MSG xarm_gripper/MoveActionResult[0m
[  9%] Built target trajectory_msgs_generate_messages_nodejs
[ 12%] [34m[1mGenerating Python from MSG xarm_gripper/MoveActionFeedback[0m
[ 14%] [34m[1mGenerating Lisp code from xarm_gripper/MoveAction.msg[0m
[ 17%] [34m[1mGenerating Javascript code from xarm_gripper/MoveAction.msg[0m
[ 19%] [34m[1mGenerating Lisp code from xarm_gripper/MoveActionGoal.msg[0m
[ 21%] [34m[1mGenerating Javascript code from xarm_gripper/MoveActionGoal.msg[0m
[ 24%] [34m[1mGenerating Lisp code from xarm_gripper/MoveActionResult.msg[0m
[ 26%] [34m[1mGenerating Python from MSG xarm_gripper/MoveGoal[0m
[ 29%] [34m[1mGenerating Lisp code from xarm_gripper/MoveActionFeedback.msg[0m
[ 31%] [34m[1mGenerating Python from MSG xarm_gripper/MoveFeedback[0m
[ 34%] [34m[1mGenerating Python from MSG xarm_gripper/MoveResult[0m
[ 36%] [34m[1mGenerating Lisp code from xarm_gripper/MoveGoal.msg[0m
[ 39%] [34m[1mGenerating Javascript code from xarm_gripper/MoveActionResult.msg[0m
[ 41%] [34m[1mGenerating Javascript code from xarm_gripper/MoveActionFeedback.msg[0m
[ 43%] [34m[1mGenerating C++ code from xarm_gripper/MoveActionGoal.msg[0m
[ 46%] [34m[1mGenerating Lisp code from xarm_gripper/MoveResult.msg[0m
[ 48%] [34m[1mGenerating C++ code from xarm_gripper/MoveActionResult.msg[0m
[ 51%] [34m[1mGenerating Lisp code from xarm_gripper/MoveFeedback.msg[0m
[ 53%] [34m[1mGenerating Javascript code from xarm_gripper/MoveGoal.msg[0m
[ 56%] [34m[1mGenerating Python msg __init__.py for xarm_gripper[0m
[ 58%] [34m[1mGenerating C++ code from xarm_gripper/MoveActionFeedback.msg[0m
[ 60%] [34m[1mGenerating Javascript code from xarm_gripper/MoveResult.msg[0m
[ 63%] [34m[1mGenerating C++ code from xarm_gripper/MoveGoal.msg[0m
[ 63%] Built target xarm_gripper_generate_messages_lisp
[ 65%] [34m[1mGenerating Javascript code from xarm_gripper/MoveFeedback.msg[0m
[ 68%] [34m[1mGenerating C++ code from xarm_gripper/MoveResult.msg[0m
[ 70%] [34m[1mGenerating EusLisp code from xarm_gripper/MoveAction.msg[0m
[ 70%] Built target xarm_gripper_generate_messages_py
[ 73%] [34m[1mGenerating EusLisp code from xarm_gripper/MoveActionGoal.msg[0m
[ 75%] [34m[1mGenerating EusLisp code from xarm_gripper/MoveActionResult.msg[0m
[ 78%] [34m[1mGenerating C++ code from xarm_gripper/MoveFeedback.msg[0m
[ 78%] Built target xarm_gripper_generate_messages_nodejs
[ 80%] [34m[1mGenerating EusLisp code from xarm_gripper/MoveActionFeedback.msg[0m
[ 82%] [34m[1mGenerating EusLisp code from xarm_gripper/MoveGoal.msg[0m
[ 85%] [34m[1mGenerating EusLisp code from xarm_gripper/MoveResult.msg[0m
[ 85%] Built target xarm_gripper_generate_messages_cpp
[ 87%] [34m[1mGenerating EusLisp code from xarm_gripper/MoveFeedback.msg[0m
[ 90%] [32mBuilding CXX object CMakeFiles/gripper_action_server.dir/src/gripper_action_server.cpp.o[0m
[ 92%] [34m[1mGenerating EusLisp manifest code for xarm_gripper[0m
[ 95%] [32mBuilding CXX object CMakeFiles/gripper_client.dir/src/gripper_client.cpp.o[0m
[ 95%] Built target xarm_gripper_generate_messages_eus
[ 95%] Built target xarm_gripper_generate_messages
[ 97%] [32m[1mLinking CXX executable /home/stepjam/catkin_ws/devel/lib/xarm_gripper/gripper_action_server[0m
[ 97%] Built target gripper_action_server
[100%] [32m[1mLinking CXX executable /home/stepjam/catkin_ws/devel/lib/xarm_gripper/gripper_client[0m
[100%] Built target gripper_client
