[  0%] Built target _catkin_empty_exported_target
[  3%] [32mBuilding CXX object CMakeFiles/xarm_cxx_sdk.dir/cxx/src/serial/impl/list_ports/list_ports_linux.cc.o[0m
[  6%] [32mBuilding CXX object CMakeFiles/xarm_cxx_sdk.dir/cxx/src/serial/impl/list_ports/list_ports_osx.cc.o[0m
[  9%] [32mBuilding CXX object CMakeFiles/xarm_cxx_sdk.dir/cxx/src/serial/impl/list_ports/list_ports_win.cc.o[0m
[ 12%] [32mBuilding CXX object CMakeFiles/xarm_cxx_sdk.dir/cxx/src/serial/impl/unix.cc.o[0m
[ 16%] [32mBuilding CXX object CMakeFiles/xarm_cxx_sdk.dir/cxx/src/serial/impl/win.cc.o[0m
[ 19%] [32mBuilding CXX object CMakeFiles/xarm_cxx_sdk.dir/cxx/src/serial/serial.cc.o[0m
[ 22%] [32mBuilding CXX object CMakeFiles/xarm_cxx_sdk.dir/cxx/src/xarm/core/common/crc16.cc.o[0m
[ 25%] [32mBuilding CXX object CMakeFiles/xarm_cxx_sdk.dir/cxx/src/xarm/core/common/queue_memcpy.cc.o[0m
[ 29%] [32mBuilding CXX object CMakeFiles/xarm_cxx_sdk.dir/cxx/src/xarm/core/connect.cc.o[0m
[ 32%] [32mBuilding CXX object CMakeFiles/xarm_cxx_sdk.dir/cxx/src/xarm/core/debug/debug_print.cc.o[0m
[ 35%] [32mBuilding CXX object CMakeFiles/xarm_cxx_sdk.dir/cxx/src/xarm/core/instruction/uxbus_cmd.cc.o[0m
[ 38%] [32mBuilding CXX object CMakeFiles/xarm_cxx_sdk.dir/cxx/src/xarm/core/instruction/uxbus_cmd_ser.cc.o[0m
[ 41%] [32mBuilding CXX object CMakeFiles/xarm_cxx_sdk.dir/cxx/src/xarm/core/instruction/uxbus_cmd_tcp.cc.o[0m
[ 45%] [32mBuilding CXX object CMakeFiles/xarm_cxx_sdk.dir/cxx/src/xarm/core/os/network.cc.o[0m
[ 48%] [32mBuilding CXX object CMakeFiles/xarm_cxx_sdk.dir/cxx/src/xarm/core/port/ser.cc.o[0m
[ 51%] [32mBuilding CXX object CMakeFiles/xarm_cxx_sdk.dir/cxx/src/xarm/core/port/socket.cc.o[0m
[ 54%] [32mBuilding CXX object CMakeFiles/xarm_cxx_sdk.dir/cxx/src/xarm/core/report_data.cc.o[0m
[ 58%] [32mBuilding CXX object CMakeFiles/xarm_cxx_sdk.dir/cxx/src/xarm/wrapper/xarm_api.cc.o[0m
[01m[K/home/stepjam/catkin_ws/src/xarm_ros/xarm_sdk/cxx/src/xarm/core/report_data.cc:[m[K In member function ‘[01m[Kint ReportDataRich::flush_data(unsigned char*)[m[K’:
[01m[K/home/stepjam/catkin_ws/src/xarm_ros/xarm_sdk/cxx/src/xarm/core/report_data.cc:213:63:[m[K [01;35m[Kwarning: [m[Kiteration 16u invokes undefined behavior [-Waggressive-loop-optimizations]
   for (int i = 0; i < 17; i++) { sv3msg_[i] = data_fp[229 + i]; }
[01;32m[K                                                               ^[m[K
[01m[K/home/stepjam/catkin_ws/src/xarm_ros/xarm_sdk/cxx/src/xarm/core/report_data.cc:213:21:[m[K [01;36m[Knote: [m[Kcontaining loop
   for (int i = 0; i < 17; i++) { sv3msg_[i] = data_fp[229 + i]; }
[01;32m[K                     ^[m[K
[01m[K/home/stepjam/catkin_ws/src/xarm_ros/xarm_sdk/cxx/src/xarm/core/report_data.cc:[m[K In member function ‘[01m[Kint XArmReportData::_flush_rich_data(unsigned char*)[m[K’:
[01m[K/home/stepjam/catkin_ws/src/xarm_ros/xarm_sdk/cxx/src/xarm/core/report_data.cc:454:70:[m[K [01;35m[Kwarning: [m[Kiteration 7u invokes undefined behavior [-Waggressive-loop-optimizations]
     for (int i = 0; i < 17; i++) { temperatures[i] = data_fp[245 + i]; }
[01;32m[K                                                                      ^[m[K
[01m[K/home/stepjam/catkin_ws/src/xarm_ros/xarm_sdk/cxx/src/xarm/core/report_data.cc:454:23:[m[K [01;36m[Knote: [m[Kcontaining loop
     for (int i = 0; i < 17; i++) { temperatures[i] = data_fp[245 + i]; }
[01;32m[K                       ^[m[K
[01m[K/home/stepjam/catkin_ws/src/xarm_ros/xarm_sdk/cxx/src/xarm/core/report_data.cc:451:62:[m[K [01;35m[Kwarning: [m[Kiteration 16u invokes undefined behavior [-Waggressive-loop-optimizations]
   for (int i = 0; i < 17; i++) { sv3msg[i] = data_fp[229 + i]; }
[01;32m[K                                                              ^[m[K
[01m[K/home/stepjam/catkin_ws/src/xarm_ros/xarm_sdk/cxx/src/xarm/core/report_data.cc:451:21:[m[K [01;36m[Knote: [m[Kcontaining loop
   for (int i = 0; i < 17; i++) { sv3msg[i] = data_fp[229 + i]; }
[01;32m[K                     ^[m[K
[ 61%] [32mBuilding CXX object CMakeFiles/xarm_cxx_sdk.dir/cxx/src/xarm/wrapper/xarm_bio.cc.o[0m
[ 64%] [32mBuilding CXX object CMakeFiles/xarm_cxx_sdk.dir/cxx/src/xarm/wrapper/xarm_events.cc.o[0m
[ 67%] [32mBuilding CXX object CMakeFiles/xarm_cxx_sdk.dir/cxx/src/xarm/wrapper/xarm_gpio.cc.o[0m
[ 70%] [32mBuilding CXX object CMakeFiles/xarm_cxx_sdk.dir/cxx/src/xarm/wrapper/xarm_ft_sensor.cc.o[0m
[ 74%] [32mBuilding CXX object CMakeFiles/xarm_cxx_sdk.dir/cxx/src/xarm/wrapper/xarm_gripper.cc.o[0m
[ 77%] [32mBuilding CXX object CMakeFiles/xarm_cxx_sdk.dir/cxx/src/xarm/wrapper/xarm_motion.cc.o[0m
[ 80%] [32mBuilding CXX object CMakeFiles/xarm_cxx_sdk.dir/cxx/src/xarm/wrapper/xarm_params.cc.o[0m
[ 83%] [32mBuilding CXX object CMakeFiles/xarm_cxx_sdk.dir/cxx/src/xarm/wrapper/xarm_record.cc.o[0m
[ 87%] [32mBuilding CXX object CMakeFiles/xarm_cxx_sdk.dir/cxx/src/xarm/wrapper/xarm_report.cc.o[0m
[ 90%] [32mBuilding CXX object CMakeFiles/xarm_cxx_sdk.dir/cxx/src/xarm/wrapper/xarm_robotiq.cc.o[0m
[ 93%] [32mBuilding CXX object CMakeFiles/xarm_cxx_sdk.dir/cxx/src/xarm/wrapper/xarm_servo.cc.o[0m
[ 96%] [32mBuilding CXX object CMakeFiles/xarm_cxx_sdk.dir/cxx/src/xarm/wrapper/xarm_track.cc.o[0m
[01m[K/home/stepjam/catkin_ws/src/xarm_ros/xarm_sdk/cxx/src/xarm/wrapper/xarm_report.cc:[m[K In member function ‘[01m[Kvoid XArmAPI::_update_old(unsigned char*)[m[K’:
[01m[K/home/stepjam/catkin_ws/src/xarm_ros/xarm_sdk/cxx/src/xarm/wrapper/xarm_report.cc:169:61:[m[K [01;35m[Kwarning: [m[Kiteration 16u invokes undefined behavior [-Waggressive-loop-optimizations]
   for (int i = 0; i < 17; i++) sv3msg_[i] = data_fp[171 + i];
[01;32m[K                                                             ^[m[K
[01m[K/home/stepjam/catkin_ws/src/xarm_ros/xarm_sdk/cxx/src/xarm/wrapper/xarm_report.cc:169:21:[m[K [01;36m[Knote: [m[Kcontaining loop
   for (int i = 0; i < 17; i++) sv3msg_[i] = data_fp[171 + i];
[01;32m[K                     ^[m[K
[100%] [32m[1mLinking CXX shared library /home/stepjam/catkin_ws/devel/lib/libxarm_cxx_sdk.so[0m
[100%] Built target xarm_cxx_sdk
