[01m[K/home/stepjam/catkin_ws/src/xarm_ros/xarm_sdk/cxx/src/xarm/core/report_data.cc:[m[K In member function ‘[01m[Kint ReportDataRich::flush_data(unsigned char*)[m[K’:
[01m[K/home/stepjam/catkin_ws/src/xarm_ros/xarm_sdk/cxx/src/xarm/core/report_data.cc:213:63:[m[K [01;35m[Kwarning: [m[Kiteration 16u invokes undefined behavior [-Waggressive-loop-optimizations]
   for (int i = 0; i < 17; i++) { sv3msg_[i] = data_fp[229 + i]; }
[01;32m[K                                                               ^[m[K
[01m[K/home/stepjam/catkin_ws/src/xarm_ros/xarm_sdk/cxx/src/xarm/core/report_data.cc:213:21:[m[K [01;36m[Knote: [m[Kcontaining loop
   for (int i = 0; i < 17; i++) { sv3msg_[i] = data_fp[229 + i]; }
[01;32m[K                     ^[m[K
[01m[K/home/stepjam/catkin_ws/src/xarm_ros/xarm_sdk/cxx/src/xarm/core/report_data.cc:[m[K In member function ‘[01m[Kint XArmReportData::_flush_rich_data(unsigned char*)[m[K’:
[01m[K/home/stepjam/catkin_ws/src/xarm_ros/xarm_sdk/cxx/src/xarm/core/report_data.cc:454:70:[m[K [01;35m[Kwarning: [m[Kiteration 7u invokes undefined behavior [-Waggressive-loop-optimizations]
     for (int i = 0; i < 17; i++) { temperatures[i] = data_fp[245 + i]; }
[01;32m[K                                                                      ^[m[K
[01m[K/home/stepjam/catkin_ws/src/xarm_ros/xarm_sdk/cxx/src/xarm/core/report_data.cc:454:23:[m[K [01;36m[Knote: [m[Kcontaining loop
     for (int i = 0; i < 17; i++) { temperatures[i] = data_fp[245 + i]; }
[01;32m[K                       ^[m[K
[01m[K/home/stepjam/catkin_ws/src/xarm_ros/xarm_sdk/cxx/src/xarm/core/report_data.cc:451:62:[m[K [01;35m[Kwarning: [m[Kiteration 16u invokes undefined behavior [-Waggressive-loop-optimizations]
   for (int i = 0; i < 17; i++) { sv3msg[i] = data_fp[229 + i]; }
[01;32m[K                                                              ^[m[K
[01m[K/home/stepjam/catkin_ws/src/xarm_ros/xarm_sdk/cxx/src/xarm/core/report_data.cc:451:21:[m[K [01;36m[Knote: [m[Kcontaining loop
   for (int i = 0; i < 17; i++) { sv3msg[i] = data_fp[229 + i]; }
[01;32m[K                     ^[m[K
[01m[K/home/stepjam/catkin_ws/src/xarm_ros/xarm_sdk/cxx/src/xarm/wrapper/xarm_report.cc:[m[K In member function ‘[01m[Kvoid XArmAPI::_update_old(unsigned char*)[m[K’:
[01m[K/home/stepjam/catkin_ws/src/xarm_ros/xarm_sdk/cxx/src/xarm/wrapper/xarm_report.cc:169:61:[m[K [01;35m[Kwarning: [m[Kiteration 16u invokes undefined behavior [-Waggressive-loop-optimizations]
   for (int i = 0; i < 17; i++) sv3msg_[i] = data_fp[171 + i];
[01;32m[K                                                             ^[m[K
[01m[K/home/stepjam/catkin_ws/src/xarm_ros/xarm_sdk/cxx/src/xarm/wrapper/xarm_report.cc:169:21:[m[K [01;36m[Knote: [m[Kcontaining loop
   for (int i = 0; i < 17; i++) sv3msg_[i] = data_fp[171 + i];
[01;32m[K                     ^[m[K
